androidmmy/proguard/seeds.txt
com.crazyamber.ttlusmmy.MainActivity
com.crazyamber.ttlusmmy.MainActivity: MainActivity()
com.crazyamber.ttlusmmy.R$anim
com.crazyamber.ttlusmmy.R$anim: int geleftin
com.crazyamber.ttlusmmy.R$anim: int geleftout
com.crazyamber.ttlusmmy.R$anim: int gespacein
com.crazyamber.ttlusmmy.R$anim: int gespaceout
com.crazyamber.ttlusmmy.R$anim: int geupin
com.crazyamber.ttlusmmy.R$anim: int geupout
com.crazyamber.ttlusmmy.R$attr
com.crazyamber.ttlusmmy.R$drawable
com.crazyamber.ttlusmmy.R$drawable: int geback
com.crazyamber.ttlusmmy.R$drawable: int gebackex
com.crazyamber.ttlusmmy.R$drawable: int gebardown
com.crazyamber.ttlusmmy.R$drawable: int gebarex
com.crazyamber.ttlusmmy.R$drawable: int gebarup
com.crazyamber.ttlusmmy.R$drawable: int gebtndown
com.crazyamber.ttlusmmy.R$drawable: int gebtnex
com.crazyamber.ttlusmmy.R$drawable: int gebtnup
com.crazyamber.ttlusmmy.R$drawable: int geheadback
com.crazyamber.ttlusmmy.R$drawable: int geheadbackex
com.crazyamber.ttlusmmy.R$drawable: int icon
com.crazyamber.ttlusmmy.R$drawable: int sicon
com.crazyamber.ttlusmmy.R$id
com.crazyamber.ttlusmmy.R$id: int adsList
com.crazyamber.ttlusmmy.R$id: int geInfoExitButton
com.crazyamber.ttlusmmy.R$id: int geInfoScreen
com.crazyamber.ttlusmmy.R$id: int geInfoScreenButton
com.crazyamber.ttlusmmy.R$id: int geInfoScreenDescription
com.crazyamber.ttlusmmy.R$id: int geInfoScreenEgg
com.crazyamber.ttlusmmy.R$id: int geInfoScreenIcon
com.crazyamber.ttlusmmy.R$id: int geInfoScreenImage1
com.crazyamber.ttlusmmy.R$id: int geInfoScreenImage2
com.crazyamber.ttlusmmy.R$id: int geInfoScreenName
com.crazyamber.ttlusmmy.R$id: int geInfoScreenSize
com.crazyamber.ttlusmmy.R$id: int geInfoScreenTitle
com.crazyamber.ttlusmmy.R$id: int geInfoScreenVersion
com.crazyamber.ttlusmmy.R$id: int gelistfootTitle
com.crazyamber.ttlusmmy.R$id: int gelistfootTop
com.crazyamber.ttlusmmy.R$id: int gelistmessageComm
com.crazyamber.ttlusmmy.R$id: int gelistmessageDownButton
com.crazyamber.ttlusmmy.R$id: int gelistmessageIcon
com.crazyamber.ttlusmmy.R$id: int gelistmessageLinear
com.crazyamber.ttlusmmy.R$id: int gelistmessageName
com.crazyamber.ttlusmmy.R$id: int gelistscreenBackButton
com.crazyamber.ttlusmmy.R$id: int gelistscreenEgg
com.crazyamber.ttlusmmy.R$id: int gelistscreenHeadLinear
com.crazyamber.ttlusmmy.R$id: int gelistscreenList
com.crazyamber.ttlusmmy.R$id: int gelistscreenProgress
com.crazyamber.ttlusmmy.R$id: int gelistscreenTitle
com.crazyamber.ttlusmmy.R$id: int genotidownIcon
com.crazyamber.ttlusmmy.R$layout
com.crazyamber.ttlusmmy.R$layout: int geinfoscreen
com.crazyamber.ttlusmmy.R$layout: int gelistfoot
com.crazyamber.ttlusmmy.R$layout: int gelistmessage
com.crazyamber.ttlusmmy.R$layout: int gelistscreen
com.crazyamber.ttlusmmy.R$layout: int genotidown
com.crazyamber.ttlusmmy.R$layout: int genotiwatch
com.crazyamber.ttlusmmy.R$layout: int mainscreen
com.crazyamber.ttlusmmy.R$string
com.crazyamber.ttlusmmy.R$string: int app_name
com.crazyamber.ttlusmmy.R$string: int geContentDes
com.crazyamber.ttlusmmy.R$string: int geInfoBackText
com.crazyamber.ttlusmmy.R$string: int geInfoBtnText
com.crazyamber.ttlusmmy.R$string: int geInfoVerText
com.crazyamber.ttlusmmy.R$string: int geInfoVolText
com.crazyamber.ttlusmmy.R$string: int geListFootDesText
com.crazyamber.ttlusmmy.R$string: int geListFootFeedText
com.crazyamber.ttlusmmy.R$string: int geListFootText
com.crazyamber.ttlusmmy.R$style
com.crazyamber.ttlusmmy.R$style: int textStyle
...
com.umeng.xp.view.w
com.umeng.xp.view.w: android.widget.ListView b
com.umeng.xp.view.w: android.view.View c
com.umeng.xp.view.w: android.widget.TextView d
com.umeng.xp.view.w: android.widget.ImageView e
com.umeng.xp.view.w: com.umeng.xp.view.d f
com.umeng.xp.view.w: android.view.animation.Animation g
com.umeng.xp.view.w: int h
com.umeng.xp.view.w: android.content.Context i
com.umeng.xp.view.w: com.umeng.xp.controller.ExchangeDataService j
com.umeng.xp.view.w: android.view.View a
com.umeng.xp.view.w: com.umeng.xp.controller.XpListenersCenter$AdapterListener k
com.umeng.xp.view.w: java.util.List l
com.umeng.xp.view.w: boolean m
com.umeng.xp.view.w: w(android.content.Context,com.umeng.xp.controller.ExchangeDataService,java.util.List)
com.umeng.xp.view.w: android.view.View b()
com.umeng.xp.view.w: void c()
com.umeng.xp.view.w: void a()
com.umeng.xp.view.w: android.content.Context a(com.umeng.xp.view.w)
com.umeng.xp.view.w: java.util.List a(com.umeng.xp.view.w,java.util.List)
com.umeng.xp.view.w: void b(com.umeng.xp.view.w)
com.umeng.xp.view.w: android.widget.ListView c(com.umeng.xp.view.w)
com.umeng.xp.view.w: boolean d(com.umeng.xp.view.w)
com.umeng.xp.view.w: android.view.View e(com.umeng.xp.view.w)
com.umeng.xp.view.w: android.widget.ImageView f(com.umeng.xp.view.w)
com.umeng.xp.view.w: android.view.animation.Animation g(com.umeng.xp.view.w)
com.umeng.xp.view.w: android.widget.TextView h(com.umeng.xp.view.w)
com.umeng.xp.view.w$a
com.umeng.xp.view.w$a: boolean b
com.umeng.xp.view.w$a: com.umeng.xp.view.w a
com.umeng.xp.view.w$a: w$a(com.umeng.xp.view.w)
com.umeng.xp.view.w$a: void onScroll(android.widget.AbsListView,int,int,int)
com.umeng.xp.view.w$a: void onScrollStateChanged(android.widget.AbsListView,int)
com.umeng.xp.view.widget.SwipeView
com.umeng.xp.view.widget.SwipeView: int b
com.umeng.xp.view.widget.SwipeView: android.widget.LinearLayout c
com.umeng.xp.view.widget.SwipeView: android.content.Context d
com.umeng.xp.view.widget.SwipeView: int e
com.umeng.xp.view.widget.SwipeView: int f
com.umeng.xp.view.widget.SwipeView: int g
com.umeng.xp.view.widget.SwipeView: boolean h
com.umeng.xp.view.widget.SwipeView: boolean i
com.umeng.xp.view.widget.SwipeView: boolean j
com.umeng.xp.view.widget.SwipeView: boolean a
com.umeng.xp.view.widget.SwipeView: int k
com.umeng.xp.view.widget.SwipeView: int l
com.umeng.xp.view.widget.SwipeView: com.umeng.xp.view.widget.SwipeView$a m
com.umeng.xp.view.widget.SwipeView: com.umeng.xp.view.widget.SwipeView$b n
com.umeng.xp.view.widget.SwipeView: android.view.View$OnTouchListener o
com.umeng.xp.view.widget.SwipeView: com.umeng.xp.view.widget.SwipeViewPointer p
com.umeng.xp.view.widget.SwipeView: SwipeView(android.content.Context)
com.umeng.xp.view.widget.SwipeView: SwipeView(android.content.Context,android.util.AttributeSet)
com.umeng.xp.view.widget.SwipeView: SwipeView(android.content.Context,android.util.AttributeSet,int)
com.umeng.xp.view.widget.SwipeView: void b()
com.umeng.xp.view.widget.SwipeView: boolean onTrackballEvent(android.view.MotionEvent)
com.umeng.xp.view.widget.SwipeView: boolean onRequestFocusInDescendants(int,android.graphics.Rect)
com.umeng.xp.view.widget.SwipeView$a
com.umeng.xp.view.widget.SwipeView$a: void a(int,int)