androidmmy/proguard/mapping.txt
com.crazyamber.ttlusmmy.ADAdapter -> com.crazyamber.ttlusmmy.a:
    com.mobile.app.main.GEInstance _geInstance -> a
    boolean _adLoaded -> b
    android.widget.RelativeLayout _adLayout -> c
    android.content.Context _context -> d
    com.crazyamber.ttlusmmy.AnalyzerAdapter _analyzer -> e
    com.crazyamber.core.SimpleCipher _c -> f
    java.lang.String _channel_id -> g
    com.crazyamber.ttlusmmy.ADAdapter$_ADConfig _config -> h
    void _rebuildAD() -> b
    void _destroyAD() -> c
    void _rebuildPush() -> d
    void _updateADConfig() -> e
    void setup(android.app.Activity,android.widget.RelativeLayout,com.crazyamber.ttlusmmy.AnalyzerAdapter) -> a
    void cleanup() -> a
    void update(int) -> a
    void onAdFailed(java.lang.String) -> onAdFailed
    void onAdSucceed(int) -> onAdSucceed
    void onInfoList(java.util.List) -> onInfoList
com.crazyamber.ttlusmmy.ADAdapter$_ADConfig -> com.crazyamber.ttlusmmy.b:
    java.lang.String channel -> b
    java.lang.String idcn -> c
    java.lang.String iden -> d
    int nClickLimit -> e
    boolean bEnableADMenu -> f
    boolean bEnableADPlay -> g
    boolean bEnablePush -> h
    boolean bEnableAppDownload -> i
    boolean bDirty -> j
    com.crazyamber.ttlusmmy.ADAdapter this$0 -> a
    int _hashCode() -> b
    void setDirty(boolean) -> a
    boolean isDirty() -> a
    boolean parse(java.lang.String,java.lang.String) -> a
    void access$1(com.crazyamber.ttlusmmy.ADAdapter$_ADConfig,boolean) -> a
    void access$2(com.crazyamber.ttlusmmy.ADAdapter$_ADConfig,boolean) -> b
    void access$3(com.crazyamber.ttlusmmy.ADAdapter$_ADConfig,boolean) -> c
    void access$4(com.crazyamber.ttlusmmy.ADAdapter$_ADConfig,boolean) -> d
    void access$5(com.crazyamber.ttlusmmy.ADAdapter$_ADConfig,java.lang.String) -> a
    void access$6(com.crazyamber.ttlusmmy.ADAdapter$_ADConfig,java.lang.String) -> b
    void access$7(com.crazyamber.ttlusmmy.ADAdapter$_ADConfig,java.lang.String) -> c
    boolean access$8(com.crazyamber.ttlusmmy.ADAdapter$_ADConfig) -> a
com.crazyamber.ttlusmmy.AnalyzerAdapter -> com.crazyamber.ttlusmmy.c:
    android.content.Context _context -> a
    void setup(android.content.Context) -> a
    void pause(android.content.Context) -> b
    void resume(android.content.Context) -> c
    void onEvent(android.content.Context,java.lang.String) -> a
    java.lang.String getConfigParams(java.lang.String) -> a
    android.content.Context access$0(com.crazyamber.ttlusmmy.AnalyzerAdapter) -> a
com.crazyamber.ttlusmmy.AnalyzerAdapter$1 -> com.crazyamber.ttlusmmy.d:
    com.crazyamber.ttlusmmy.AnalyzerAdapter this$0 -> a
    void onUpdateReturned(int,com.umeng.update.UpdateResponse) -> onUpdateReturned
com.crazyamber.ttlusmmy.AnalyzerAdapter$2 -> com.crazyamber.ttlusmmy.e:
    com.crazyamber.ttlusmmy.AnalyzerAdapter this$0 -> a
    void OnDownloadEnd(int) -> OnDownloadEnd
com.crazyamber.ttlusmmy.MainActivity -> com.crazyamber.ttlusmmy.MainActivity:
    java.lang.String TAG -> a
    org.cocos2dx.lib.Cocos2dxGLSurfaceView mGLView -> b
    android.widget.RelativeLayout _adLayout -> c
    com.crazyamber.ttlusmmy.ADAdapter _ad -> d
    com.crazyamber.ttlusmmy.AnalyzerAdapter _analyzer -> e
    android.os.Handler _adManageHandler -> f
    com.crazyamber.core.GameEnvHandler$GameEventListener _eventListener -> g
    void onCreate(android.os.Bundle) -> onCreate
    void onPause() -> onPause
    void onResume() -> onResume
    void onDestroy() -> onDestroy
    boolean detectOpenGLES20() -> a
    com.crazyamber.ttlusmmy.AnalyzerAdapter access$0(com.crazyamber.ttlusmmy.MainActivity) -> a
    android.os.Handler access$1(com.crazyamber.ttlusmmy.MainActivity) -> b
    com.crazyamber.ttlusmmy.ADAdapter access$2(com.crazyamber.ttlusmmy.MainActivity) -> c
...
com.crazyamber.core.GameEnvHandler -> com.crazyamber.core.GameEnvHandler:
    java.util.HashMap _events -> a
    com.crazyamber.core.GameEnvHandler$GameEventListener _listener -> b
    android.content.Context _context -> c
    void setListener(android.content.Context,com.crazyamber.core.GameEnvHandler$GameEventListener) -> setListener
    boolean enableMoreGame() -> enableMoreGame
    java.lang.String getSignature() -> getSignature
    java.lang.String getLanguage() -> getLanguage
    void onJNIEvent(java.lang.String,java.lang.String) -> onJNIEvent
    java.lang.Object getEvent(java.lang.String) -> getEvent
com.crazyamber.core.GameEnvHandler$GameEventListener -> com.crazyamber.core.a:
    void onEvent(java.lang.String,java.lang.String) -> a
com.crazyamber.core.Logger -> com.crazyamber.core.b:
    java.util.HashMap _targets -> b
    int _counter -> c
    int _logLevel -> d
    int _logcatLevel -> e
    boolean _bLogging -> f
    boolean _bRunning -> g
    java.lang.Object lock -> a
    java.util.LinkedList _pendingLogLines -> h
    android.content.Context _context -> i
    java.io.File _logFile -> j
    java.io.OutputStream _outputStream -> k
    boolean _tryOpenLogFile(java.lang.String) -> b
    void _openLogFile() -> d
    void _writeLine(java.lang.String) -> c
    void _closeLogFile() -> e
    void _startRecordor() -> f
    void _log(int,java.lang.String,java.lang.String) -> a
    void start(android.content.Context,int,int) -> a
    void stop() -> a
    java.lang.String _throwable2str(java.lang.Throwable) -> b
    void e(java.lang.Throwable) -> a
    void e(java.lang.String,java.lang.String) -> a
    void d(java.lang.String,java.lang.String) -> b
    void access$0(boolean) -> a
    boolean access$1() -> b
    java.util.LinkedList access$2() -> c
    void access$3(java.lang.String) -> a
com.crazyamber.core.Logger$1 -> com.crazyamber.core.c:
    void run() -> run
com.crazyamber.core.Logger$ILoggerTarget -> com.crazyamber.core.d:
    void writeLogLine(java.lang.String) -> a
com.crazyamber.core.Settings -> com.crazyamber.core.e:
    void set(android.content.Context,java.lang.String,java.lang.String) -> a
    java.lang.String get(android.content.Context,java.lang.String) -> a
com.crazyamber.core.SimpleCipher -> com.crazyamber.core.f:
    javax.crypto.spec.IvParameterSpec ivspec -> a
    javax.crypto.spec.SecretKeySpec keyspec -> b
    javax.crypto.Cipher cipher -> c
    byte[] decrypt(byte[]) -> a
    byte[] encrypt(byte[]) -> b
    java.lang.String encryptString(java.lang.String) -> a
    java.lang.String decryptString(java.lang.String) -> b
com.crazyamber.core.Utils -> com.crazyamber.core.g:
    byte[] getSignature(android.content.Context) -> a
    byte[] hashBytes(byte[]) -> a
    int hashBytes2Integer(byte[]) -> b
    int getSystemVersion() -> a
    void killUnrelatedActivityProcesses(android.content.Context) -> b
    java.lang.String bytesToHex(byte[]) -> c
    byte[] hexToBytes(java.lang.String) -> a
    void msgBox(android.content.Context,java.lang.String,java.lang.String) -> a
com.crazyamber.core.Utils$1 -> com.crazyamber.core.h:
    void onClick(android.content.DialogInterface,int) -> onClick
com.mobile.app.a.a -> com.mobile.app.a.a:
    float a -> a
    float b -> b
    float c -> c
    boolean d -> d
    android.graphics.Camera e -> e
    android.view.View f -> f
    void initialize(int,int,int,int) -> initialize
    void applyTransformation(float,android.view.animation.Transformation) -> applyTransformation