androidmmy/proguard/usage.txt
com.crazyamber.ttlusmmy.ADAdapter:
    private static final java.lang.String TAG
    public static final int EVENT_Loaded
    public static final int EVENT_Prepare
    public static final int EVENT_Play
    public static final int EVENT_ShareGames
com.crazyamber.ttlusmmy.ADAdapter$_ADConfig:
    78:81:private java.lang.String adid()
com.crazyamber.ttlusmmy.BuildConfig
com.crazyamber.ttlusmmy.R:
    10:10:public R()
...
com.crazyamber.core.Logger:
    public static final int NONE
    public static final int ERROR
    public static final int WARN
    public static final int INFO
    public static final int DEBUG
    public static final int VERBOSE
    18:18:public Logger()
    29:31:public static void addTarget(java.lang.String,com.crazyamber.core.Logger$ILoggerTarget)
    350:358:public static void w(java.lang.String,java.lang.String)
    362:370:public static void i(java.lang.String,java.lang.String)
    386:394:public static void v(java.lang.String,java.lang.String)
com.crazyamber.core.Settings:
    7:7:public Settings()
com.crazyamber.core.Threader
com.crazyamber.core.Utils:
    35:35:public Utils()
    46:51:public static boolean isSDCardAvailable()
    56:56:public static long currentTimeMillis()
    61:61:public static java.lang.Integer getAPILevel()
    96:110:public static java.lang.String getPackageVersion(android.content.Context)
    115:122:public static java.lang.String map2String(java.util.HashMap)
    127:128:public static java.lang.String safeString(java.lang.String)
    133:133:public static java.lang.String boolean2str(boolean)
    138:152:public static java.lang.String readStringFromStream(java.io.InputStream)
    159:181:public static java.lang.String getIpAddress()
    269:270:public static android.telephony.TelephonyManager getTelephonyManager(android.content.Context)
    275:291:public static boolean isApplicationHasInstalled(android.content.Context,java.lang.String)
    354:366:public static int hashString2Integer(java.lang.String)
    372:395:public static java.lang.String replace(java.lang.String,java.lang.String,java.lang.String)
    403:412:public static void createShortcut(android.content.Context,java.lang.String,int,java.lang.Class)
    421:440:public static boolean hasShortCut(android.content.Context,java.lang.String)
    452:463:public static void sleep(long)
    467:489:public static void run(java.lang.String,java.lang.String)
    535:536:public static boolean fileExists(java.lang.String)
    596:605:public static int parseInt(java.lang.String)
com.umeng.analytics.a:
    private static final java.lang.String c
com.umeng.analytics.b:
    private org.json.JSONArray a(org.json.JSONObject,org.json.JSONArray)
com.umeng.analytics.d:
    static final java.lang.String a
    static final java.lang.String b
    static final java.lang.String c
    static final int e
    static final int f
    static final java.lang.String m
    static final java.lang.String o
    static final java.lang.String p
    static final java.lang.String r
    static final java.lang.String s
    static final java.lang.String t
    static final java.lang.String u
    static final java.lang.String v
    static final java.lang.String w
    static final java.lang.String x
    static final java.lang.String y
    static final java.lang.String z
    d()
com.umeng.analytics.e:
    e()
com.umeng.analytics.f:
    f()
com.umeng.analytics.g:
    private static final int b
    public g(android.content.Context,java.lang.String,int)
    public int b()
com.umeng.common.net.DownloadingService$a:
    private static final long j
com.umeng.common.net.c$a:
    private static final int b
    private static final java.lang.String c
com.umeng.common.net.c$b:
    private c$b()
com.umeng.xp.view.aE$a
com.umeng.xp.view.aN:
    public com.umeng.xp.view.aN a(boolean)
    public com.umeng.xp.view.aN b(boolean)
    public com.umeng.xp.view.aN c(boolean)
    public com.umeng.xp.view.aN d(boolean)
    public com.umeng.xp.view.aN a(int)